[debug] ----------------------------------------------------------------------
[debug] Command:      /usr/local/Cellar/node/6.6.0/bin/node /usr/local/bin/firebase serve
[debug] CLI Version:  3.4.0
[debug] Platform:     darwin
[debug] Node Version: v7.6.0
[debug] Time:         Thu Mar 30 2017 12:20:45 GMT-0600 (MDT)
[debug] ----------------------------------------------------------------------
[debug] 
[info] Starting Firebase development server...
[info] 
[info] Project Directory: /Users/Adrien/OneDrive/phpFiles/htdocs/frameworks2/tictactoe
[info] Public Directory: public
[info] 
[info] Server listening at: http://localhost:5000
[debug] ----------------------------------------------------------------------
[debug] Command:      /usr/local/bin/node /usr/local/bin/firebase serve
[debug] CLI Version:  3.5.0
[debug] Platform:     darwin
[debug] Node Version: v6.10.1
[debug] Time:         Tue Apr 11 2017 19:55:09 GMT-0600 (MDT)
[debug] ----------------------------------------------------------------------
[debug] 
[info] Starting Firebase development server...
[info] 
[info] Project Directory: /Users/aaron/TicTacToe
[info] Public Directory: public
[info] 
[info] Server listening at: http://localhost:5000
[debug] ----------------------------------------------------------------------
[debug] Command:      /usr/local/bin/node /usr/local/bin/firebase serve
[debug] CLI Version:  3.5.0
[debug] Platform:     darwin
[debug] Node Version: v4.2.6
[debug] Time:         Mon Apr 24 2017 18:27:24 GMT-0600 (MDT)
[debug] ----------------------------------------------------------------------
[debug] 
[info] Starting Firebase development server...
[info] 
[info] Project Directory: /Users/shirleyashby/Desktop/tic/TicTacToe
[info] Public Directory: public
[info] 
[info] Server listening at: http://localhost:5000
